2022-07-24 06:13:05.836067 0x000057ec         BackgroundTaskBase: Registering msteamsupdate.exe as bgtask com server for task: TeamsAsyncUpdaterTask
2022-07-24 06:13:05.836470 0x000057ec         Scenario: shell_bgtask_comserverregistration [start,success] Scenario.Status:success, Scenario.Step:start, delta:0, elapsed:0, elapsedSinceProcessStart:199, sequence:0
2022-07-24 06:13:05.849554 0x00006280         AsyncUpdaterTask: Starting updater background task
2022-07-24 06:13:05.876072 0x00006280         Scenario: shell_peristent_storage_read [start,success] Scenario.Status:success, Scenario.Step:start, delta:0, elapsed:27, elapsedSinceProcessStart:239, sequence:0
2022-07-24 06:13:05.894619 0x00006280         Scenario: shell_peristent_storage_read [stop,abandoned] InstanceId:26fe8111-5cd4-43ed-b63c-36d978a56785, Scenario.Mode:1, Scenario.Name:shell_peristent_storage_read, Scenario.Status:success, Scenario.Step:start, delta:0, elapsed:27, elapsedSinceProcessStart:239, error:no such file or directory, fileName:configuration.json, previousStep:start, sequence:0, stepDelta:0
2022-07-24 06:13:05.901117 0x00006280         Scenario: shell_peristent_storage_read [start,success] Scenario.Status:success, Scenario.Step:start, delta:0, elapsed:52, elapsedSinceProcessStart:264, sequence:0
2022-07-24 06:13:05.909171 0x00006280         Scenario: shell_peristent_storage_read [stop,success] InstanceId:0dcccda0-1e0c-415e-94eb-9bddb28db152, Scenario.Mode:1, Scenario.Name:shell_peristent_storage_read, Scenario.Status:success, Scenario.Step:start, delta:0, elapsed:52, elapsedSinceProcessStart:264, fileName:ecs_request_param.json, previousStep:start, sequence:0, stepDelta:6
2022-07-24 06:13:05.918143 0x00006280         Scenario: shell_ecs_cache [start,success] Scenario.Status:success, Scenario.Step:start, delta:0, elapsed:69, elapsedSinceProcessStart:281, sequence:0
2022-07-24 06:13:05.921822 0x00006280         Scenario: shell_ecs_cache [stop,success] InstanceId:c824c3fa-7fcf-44e0-80f3-aa9ead73a233, Scenario.Mode:1, Scenario.Name:shell_ecs_cache, Scenario.Status:success, Scenario.Step:start, delta:0, elapsed:69, elapsedSinceProcessStart:281, previousStep:start, sequence:0, stepDelta:3
2022-07-24 06:13:05.922322 0x00006280         Scenario: shell_ecs_start [start,success] Scenario.Status:success, Scenario.Step:start, delta:0, elapsed:73, elapsedSinceProcessStart:285, sequence:0
2022-07-24 06:13:05.923198 0x00006280         Scenario: shell_ecs_start [stop,success] InstanceId:f5ad1dea-8b29-40e6-b68d-f32397e18f44, Scenario.Mode:3, Scenario.Name:shell_ecs_start, Scenario.Status:success, Scenario.Step:start, Scenario.Steps:[{"Scenario.Status":"success","Scenario.Step":"stop","delta":0,"elapsed":73,"elapsedSinceProcessStart":285,"previousStep":"start","sequence":1,"stepDelta":0}], Scenario.StepsEx:[{}], delta:0, elapsed:73, elapsedSinceProcessStart:285, previousStep:start, sequence:0, stepDelta:0
2022-07-24 06:13:05.927814 0x00006280         Scenario: shell_msix_update [start,success] Scenario.Status:success, Scenario.Step:start, delta:0, elapsed:78, elapsedSinceProcessStart:290, sequence:0
2022-07-24 06:13:05.927814 0x00006280 <ERROR> DeploymentProviderMSIX: Invalid udpate url.
2022-07-24 06:13:05.928306 0x00006280 <ERROR> WIL: msteamsupdate.exe!00007FF621158A0E: LogHr(1) tid(6280) 800704C7 The operation was canceled by the user.
2022-07-24 06:13:05.928803 0x00006280 <ERROR> WIL: msteamsupdate.exe!00007FF6211C73C6: ReturnHr(1) tid(6280) 800704C7 The operation was canceled by the user.
    Msg:[winrt::hresult_error: The operation was canceled by the user.] 
2022-07-24 06:13:05.932709 0x00006280         Scenario: shell_msix_update [stop,abandoned] CurrentVersion:22183.300.1431.9295, DeviceInfo_OfficeMachineId:311272ab-eb1b-514e-97c3-3fd149d162e3, ErrorText:, ExtendedErrorCode:0x0
, GenericErrorCode:0x800704c7
, InstanceId:77288ec9-d4f5-428e-8546-889038ae8144, LatestVersion:22183.300.1431.9295, Scenario.Mode:3, Scenario.Name:shell_msix_update, Scenario.Status:success, Scenario.Step:start, Scenario.Steps:[{"Scenario.Status":"abandoned","Scenario.Steprt:3top","delta":2,"elapsed":80,"elapsedSinceProcessStart":292,"previousStep":"start","sequence":1,"stepDelta":2}], Scenario.StepsEx:[{"CurrentVersion":"22183.300.1431.9295","DeviceInfo_OfficeMachineId":"311272ab-eb1b-514e-97c3-3fd149d162e3","ErrorText":"","ExtendedErrorCode":"0x0\n","GenericErrorCode":"0x800704c7\n","LatestVersion":"22183.300.1431.9295","UpdateCheckReason":"BgUpdateCheck","UpdateFailureCount":0,"UpdateUrl":"https://statics.teams.cdn.office.net/production-windows-x64/22183.300.1431.9295/MicrosoftTeams-x64.msix"}], UpdateCheckReason:BgUpdateCheck, UpdateFailureCount:0, UpdateUrl:https://statics.teams.cdn.office.net/production-windows-x64/22183.300.1431.9295/MicrosoftTeams-x64.msix, delta:0, elapsed:78, elapsedSinceProcessStart:290, previousStep:start, sequence:0, stepDelta:2
2022-07-24 06:13:05.934232 0x00006280         AsyncUpdaterTask: Updater task completed
2022-07-24 06:13:05.935232 0x000057ec         Scenario: shell_bgtask_comserverregistration [stop,success] InstanceId:b7d37cc5-e16e-48b6-9b9a-93800e705d02, Scenario.Mode:3, Scenario.Name:shell_bgtask_comserverregistration, Scenario.Status:success, Scenario.Step:start, Scenario.Steps:[{"Scenario.Status":"success","Scenario.Step":"stop","delta":98,"elapsed":98,"elapsedSinceProcessStart":297,"previousStep":"start","sequence":1,"stepDelta":98}], Scenario.StepsEx:[{"taskName":"TeamsAsyncUpdaterTask"}], delta:0, elapsed:0, elapsedSinceProcessStart:199, previousStep:start, sequence:0, stepDelta:98, taskName:TeamsAsyncUpdaterTask
